[debug] [2024-02-20T18:42:58.582Z] ----------------------------------------------------------------------
[debug] [2024-02-20T18:42:58.583Z] Command:       C:\Program Files\nodejs\node.exe C:\Program Files\nodejs\node_modules\firebase-tools\lib\bin\firebase.js init functions
[debug] [2024-02-20T18:42:58.584Z] CLI Version:   13.0.3
[debug] [2024-02-20T18:42:58.584Z] Platform:      win32
[debug] [2024-02-20T18:42:58.584Z] Node Version:  v18.16.0
[debug] [2024-02-20T18:42:58.594Z] Time:          Tue Feb 20 2024 19:42:58 GMT+0100 (hora estándar de Europa central)
[debug] [2024-02-20T18:42:58.595Z] ----------------------------------------------------------------------
[debug] 
[debug] [2024-02-20T18:42:58.598Z] >>> [apiv2][query] GET https://firebase-public.firebaseio.com/cli.json [none]
[debug] [2024-02-20T18:42:58.643Z] > command requires scopes: ["email","openid","https://www.googleapis.com/auth/cloudplatformprojects.readonly","https://www.googleapis.com/auth/firebase","https://www.googleapis.com/auth/cloud-platform"]
[debug] [2024-02-20T18:42:58.643Z] > authorizing via signed-in user (ocarobossa@gmail.com)
[info] 
     ######## #### ########  ######## ########     ###     ######  ########
     ##        ##  ##     ## ##       ##     ##  ##   ##  ##       ##
     ######    ##  ########  ######   ########  #########  ######  ######
     ##        ##  ##    ##  ##       ##     ## ##     ##       ## ##
     ##       #### ##     ## ######## ########  ##     ##  ######  ########

You're about to initialize a Firebase project in this directory:

  C:\Users\oriol\Desktop\applibros-main

[debug] [2024-02-20T18:43:00.031Z] <<< [apiv2][status] GET https://firebase-public.firebaseio.com/cli.json 200
[debug] [2024-02-20T18:43:00.031Z] <<< [apiv2][body] GET https://firebase-public.firebaseio.com/cli.json {"cloudBuildErrorAfter":1594252800000,"cloudBuildWarnAfter":1590019200000,"defaultNode10After":1594252800000,"minVersion":"3.0.5","node8DeploysDisabledAfter":1613390400000,"node8RuntimeDisabledAfter":1615809600000,"node8WarnAfter":1600128000000}
[info] 
=== Project Setup
[info] 
[info] First, let's associate this project directory with a Firebase project.
[info] You can create multiple project aliases by running firebase use --add, 
[info] but for now we'll just set up a default project.
[info] 
